<?xml version="1.0" encoding="UTF-8"?>
<!-- Generated by org.testng.reporters.JUnitReportReporter -->
<testsuite hostname="LAPTOP-3DLPEHOF" failures="0" tests="1" name="com.trello.testcases.TrelloBoards1" time="92.536" errors="0" timestamp="2023-06-26T12:18:56 IST" skipped="0">
  <testcase classname="com.trello.testcases.TrelloBoards1" name="trelloCreateMultipleListAndSwapInCreatedBoard" time="92.536"/>
  <system-out>
    <![CDATA[BoardTitleTextField is visible]]>
  </system-out>
</testsuite> <!-- com.trello.testcases.TrelloBoards1 -->
